C:\USERS\Z\DESKTOP\CSE618LAB2\OPENGLCSE386LAB0\DEBUG\CSE618LAB2.OBJ
C:\USERS\Z\DESKTOP\CSE618LAB2\OPENGLCSE386LAB0\DEBUG\VC110.PDB
C:\USERS\Z\DESKTOP\CSE618LAB2\DEBUG\CSE618LAB2.ILK
C:\USERS\Z\DESKTOP\CSE618LAB2\DEBUG\CSE618LAB2.EXE
C:\USERS\Z\DESKTOP\CSE618LAB2\DEBUG\CSE618LAB2.PDB
C:\Users\z\Desktop\CSE618Lab2\OpenGLCSE386Lab0\Debug\CSE618Lab2.obj
C:\Users\z\Desktop\CSE618Lab2\OpenGLCSE386Lab0\Debug\cl.command.1.tlog
C:\Users\z\Desktop\CSE618Lab2\OpenGLCSE386Lab0\Debug\CL.read.1.tlog
C:\Users\z\Desktop\CSE618Lab2\OpenGLCSE386Lab0\Debug\CL.write.1.tlog
C:\Users\z\Desktop\CSE618Lab2\OpenGLCSE386Lab0\Debug\link-cvtres.read.1.tlog
C:\Users\z\Desktop\CSE618Lab2\OpenGLCSE386Lab0\Debug\link-cvtres.write.1.tlog
C:\Users\z\Desktop\CSE618Lab2\OpenGLCSE386Lab0\Debug\link-rc.read.1.tlog
C:\Users\z\Desktop\CSE618Lab2\OpenGLCSE386Lab0\Debug\link-rc.write.1.tlog
C:\Users\z\Desktop\CSE618Lab2\OpenGLCSE386Lab0\Debug\link.command.1.tlog
C:\Users\z\Desktop\CSE618Lab2\OpenGLCSE386Lab0\Debug\link.read.1.tlog
C:\Users\z\Desktop\CSE618Lab2\OpenGLCSE386Lab0\Debug\link.write.1.tlog
C:\Users\z\Desktop\CSE618Lab2\OpenGLCSE386Lab0\Debug\vc110.idb
C:\Users\z\Desktop\CSE618Lab2\OpenGLCSE386Lab0\Debug\vc110.pdb
C:\Users\z\Desktop\CSE618Lab2\Debug\CSE618Lab2.pdb
C:\Users\z\Desktop\CSE618Lab2\Debug\CSE618Lab2.exe
C:\Users\z\Desktop\CSE618Lab2\Debug\CSE618Lab2.ilk
