Build started 9/8/2014 12:37:02 PM.
     1>Project "C:\Users\haitzza\Desktop\CSE618Lab2\OpenGLCSE386Lab0\OpenGLCSE386Lab0.vcxproj" on node 2 (Build target(s)).
     1>ClCompile:
         C:\Program Files (x86)\Microsoft Visual Studio 11.0\VC\bin\CL.exe /c /ZI /nologo /W3 /WX- /Od /Oy- /D WIN32 /D _DEBUG /D _CONSOLE /D _UNICODE /D UNICODE /Gm /EHsc /RTC1 /MDd /GS /fp:precise /Zc:wchar_t /Zc:forScope /Fo"Debug\\" /Fd"Debug\vc110.pdb" /Gd /TP /analyze- /errorReport:prompt CSE618Lab2.cpp
         CSE618Lab2.cpp
     1>c:\users\haitzza\desktop\cse618lab2\openglcse386lab0\cse618lab2.cpp(50): warning C4244: 'initializing' : conversion from 'float' to 'int', possible loss of data
     1>c:\users\haitzza\desktop\cse618lab2\openglcse386lab0\cse618lab2.cpp(51): warning C4244: 'initializing' : conversion from 'double' to 'float', possible loss of data
     1>c:\users\haitzza\desktop\cse618lab2\openglcse386lab0\cse618lab2.cpp(176): warning C4244: 'initializing' : conversion from 'float' to 'int', possible loss of data
     1>c:\users\haitzza\desktop\cse618lab2\openglcse386lab0\cse618lab2.cpp(177): warning C4244: 'initializing' : conversion from 'float' to 'int', possible loss of data
     1>c:\users\haitzza\desktop\cse618lab2\openglcse386lab0\cse618lab2.cpp(181): warning C4244: 'argument' : conversion from 'int' to 'float', possible loss of data
     1>c:\users\haitzza\desktop\cse618lab2\openglcse386lab0\cse618lab2.cpp(224): warning C4018: '<' : signed/unsigned mismatch
     1>c:\users\haitzza\desktop\cse618lab2\openglcse386lab0\cse618lab2.cpp(227): warning C4244: '+=' : conversion from 'float' to 'int', possible loss of data
     1>c:\users\haitzza\desktop\cse618lab2\openglcse386lab0\cse618lab2.cpp(229): warning C4244: '=' : conversion from 'int' to 'float', possible loss of data
     1>c:\users\haitzza\desktop\cse618lab2\openglcse386lab0\cse618lab2.cpp(232): warning C4244: '+=' : conversion from 'float' to 'int', possible loss of data
     1>c:\users\haitzza\desktop\cse618lab2\openglcse386lab0\cse618lab2.cpp(234): warning C4244: '=' : conversion from 'int' to 'float', possible loss of data
     1>c:\users\haitzza\desktop\cse618lab2\openglcse386lab0\cse618lab2.cpp(251): warning C4018: '<' : signed/unsigned mismatch
     1>c:\users\haitzza\desktop\cse618lab2\openglcse386lab0\cse618lab2.cpp(254): warning C4244: '+=' : conversion from 'float' to 'int', possible loss of data
     1>c:\users\haitzza\desktop\cse618lab2\openglcse386lab0\cse618lab2.cpp(256): warning C4244: '=' : conversion from 'int' to 'float', possible loss of data
     1>c:\users\haitzza\desktop\cse618lab2\openglcse386lab0\cse618lab2.cpp(259): warning C4244: '+=' : conversion from 'float' to 'int', possible loss of data
     1>c:\users\haitzza\desktop\cse618lab2\openglcse386lab0\cse618lab2.cpp(261): warning C4244: '=' : conversion from 'int' to 'float', possible loss of data
       Link:
         C:\Program Files (x86)\Microsoft Visual Studio 11.0\VC\bin\link.exe /ERRORREPORT:PROMPT /OUT:"C:\Users\haitzza\Desktop\CSE618Lab2\Debug\CSE618Lab2.exe" /INCREMENTAL /NOLOGO glew32.lib freeglut.lib kernel32.lib user32.lib gdi32.lib winspool.lib comdlg32.lib advapi32.lib shell32.lib ole32.lib oleaut32.lib uuid.lib odbc32.lib odbccp32.lib /MANIFEST /MANIFESTUAC:"level='asInvoker' uiAccess='false'" /manifest:embed /DEBUG /PDB:"C:\Users\haitzza\Desktop\CSE618Lab2\Debug\CSE618Lab2.pdb" /SUBSYSTEM:CONSOLE /TLBID:1 /DYNAMICBASE /NXCOMPAT /IMPLIB:"C:\Users\haitzza\Desktop\CSE618Lab2\Debug\CSE618Lab2.lib" /MACHINE:X86 Debug\CSE618Lab2.obj
         OpenGLCSE386Lab0.vcxproj -> C:\Users\haitzza\Desktop\CSE618Lab2\Debug\CSE618Lab2.exe
     1>Done Building Project "C:\Users\haitzza\Desktop\CSE618Lab2\OpenGLCSE386Lab0\OpenGLCSE386Lab0.vcxproj" (Build target(s)).

Build succeeded.

Time Elapsed 00:00:03.04
