C:\USERS\BACHMAER\DESKTOP\OPENGLCSE386LAB0\OPENGLCSE386LAB0\DEBUG\OPENGLCSE386LAB0.OBJ
C:\USERS\BACHMAER\DESKTOP\OPENGLCSE386LAB0\OPENGLCSE386LAB0\DEBUG\VC110.PDB
C:\USERS\BACHMAER\DESKTOP\OPENGLCSE386LAB0\DEBUG\OPENGLCSE386LAB0.ILK
C:\USERS\BACHMAER\DESKTOP\OPENGLCSE386LAB0\DEBUG\OPENGLCSE386LAB0.EXE
C:\USERS\BACHMAER\DESKTOP\OPENGLCSE386LAB0\DEBUG\OPENGLCSE386LAB0.PDB
C:\Users\bachmaer\Desktop\OpenGLCSE386Lab0\OpenGLCSE386Lab0\Debug\OpenGLCSE386Lab0.obj
C:\Users\bachmaer\Desktop\OpenGLCSE386Lab0\OpenGLCSE386Lab0\Debug\cl.command.1.tlog
C:\Users\bachmaer\Desktop\OpenGLCSE386Lab0\OpenGLCSE386Lab0\Debug\CL.read.1.tlog
C:\Users\bachmaer\Desktop\OpenGLCSE386Lab0\OpenGLCSE386Lab0\Debug\CL.write.1.tlog
C:\Users\bachmaer\Desktop\OpenGLCSE386Lab0\OpenGLCSE386Lab0\Debug\link-cvtres.read.1.tlog
C:\Users\bachmaer\Desktop\OpenGLCSE386Lab0\OpenGLCSE386Lab0\Debug\link-cvtres.write.1.tlog
C:\Users\bachmaer\Desktop\OpenGLCSE386Lab0\OpenGLCSE386Lab0\Debug\link-rc.read.1.tlog
C:\Users\bachmaer\Desktop\OpenGLCSE386Lab0\OpenGLCSE386Lab0\Debug\link-rc.write.1.tlog
C:\Users\bachmaer\Desktop\OpenGLCSE386Lab0\OpenGLCSE386Lab0\Debug\link.2960-cvtres.read.1.tlog
C:\Users\bachmaer\Desktop\OpenGLCSE386Lab0\OpenGLCSE386Lab0\Debug\link.2960-cvtres.write.1.tlog
C:\Users\bachmaer\Desktop\OpenGLCSE386Lab0\OpenGLCSE386Lab0\Debug\link.2960-rc.read.1.tlog
C:\Users\bachmaer\Desktop\OpenGLCSE386Lab0\OpenGLCSE386Lab0\Debug\link.2960-rc.write.1.tlog
C:\Users\bachmaer\Desktop\OpenGLCSE386Lab0\OpenGLCSE386Lab0\Debug\link.2960.read.1.tlog
C:\Users\bachmaer\Desktop\OpenGLCSE386Lab0\OpenGLCSE386Lab0\Debug\link.2960.write.1.tlog
C:\Users\bachmaer\Desktop\OpenGLCSE386Lab0\OpenGLCSE386Lab0\Debug\link.4036-cvtres.read.1.tlog
C:\Users\bachmaer\Desktop\OpenGLCSE386Lab0\OpenGLCSE386Lab0\Debug\link.4036-cvtres.write.1.tlog
C:\Users\bachmaer\Desktop\OpenGLCSE386Lab0\OpenGLCSE386Lab0\Debug\link.4036-rc.read.1.tlog
C:\Users\bachmaer\Desktop\OpenGLCSE386Lab0\OpenGLCSE386Lab0\Debug\link.4036-rc.write.1.tlog
C:\Users\bachmaer\Desktop\OpenGLCSE386Lab0\OpenGLCSE386Lab0\Debug\link.4036.read.1.tlog
C:\Users\bachmaer\Desktop\OpenGLCSE386Lab0\OpenGLCSE386Lab0\Debug\link.4036.write.1.tlog
C:\Users\bachmaer\Desktop\OpenGLCSE386Lab0\OpenGLCSE386Lab0\Debug\link.5912-cvtres.read.1.tlog
C:\Users\bachmaer\Desktop\OpenGLCSE386Lab0\OpenGLCSE386Lab0\Debug\link.5912-cvtres.write.1.tlog
C:\Users\bachmaer\Desktop\OpenGLCSE386Lab0\OpenGLCSE386Lab0\Debug\link.5912-rc.read.1.tlog
C:\Users\bachmaer\Desktop\OpenGLCSE386Lab0\OpenGLCSE386Lab0\Debug\link.5912-rc.write.1.tlog
C:\Users\bachmaer\Desktop\OpenGLCSE386Lab0\OpenGLCSE386Lab0\Debug\link.5912.read.1.tlog
C:\Users\bachmaer\Desktop\OpenGLCSE386Lab0\OpenGLCSE386Lab0\Debug\link.5912.write.1.tlog
C:\Users\bachmaer\Desktop\OpenGLCSE386Lab0\OpenGLCSE386Lab0\Debug\link.6184-cvtres.read.1.tlog
C:\Users\bachmaer\Desktop\OpenGLCSE386Lab0\OpenGLCSE386Lab0\Debug\link.6184-cvtres.write.1.tlog
C:\Users\bachmaer\Desktop\OpenGLCSE386Lab0\OpenGLCSE386Lab0\Debug\link.6184-rc.read.1.tlog
C:\Users\bachmaer\Desktop\OpenGLCSE386Lab0\OpenGLCSE386Lab0\Debug\link.6184-rc.write.1.tlog
C:\Users\bachmaer\Desktop\OpenGLCSE386Lab0\OpenGLCSE386Lab0\Debug\link.6184.read.1.tlog
C:\Users\bachmaer\Desktop\OpenGLCSE386Lab0\OpenGLCSE386Lab0\Debug\link.6184.write.1.tlog
C:\Users\bachmaer\Desktop\OpenGLCSE386Lab0\OpenGLCSE386Lab0\Debug\link.6504-cvtres.read.1.tlog
C:\Users\bachmaer\Desktop\OpenGLCSE386Lab0\OpenGLCSE386Lab0\Debug\link.6504-cvtres.write.1.tlog
C:\Users\bachmaer\Desktop\OpenGLCSE386Lab0\OpenGLCSE386Lab0\Debug\link.6504-rc.read.1.tlog
C:\Users\bachmaer\Desktop\OpenGLCSE386Lab0\OpenGLCSE386Lab0\Debug\link.6504-rc.write.1.tlog
C:\Users\bachmaer\Desktop\OpenGLCSE386Lab0\OpenGLCSE386Lab0\Debug\link.6504.read.1.tlog
C:\Users\bachmaer\Desktop\OpenGLCSE386Lab0\OpenGLCSE386Lab0\Debug\link.6504.write.1.tlog
C:\Users\bachmaer\Desktop\OpenGLCSE386Lab0\OpenGLCSE386Lab0\Debug\link.6688-cvtres.read.1.tlog
C:\Users\bachmaer\Desktop\OpenGLCSE386Lab0\OpenGLCSE386Lab0\Debug\link.6688-cvtres.write.1.tlog
C:\Users\bachmaer\Desktop\OpenGLCSE386Lab0\OpenGLCSE386Lab0\Debug\link.6688-rc.read.1.tlog
C:\Users\bachmaer\Desktop\OpenGLCSE386Lab0\OpenGLCSE386Lab0\Debug\link.6688-rc.write.1.tlog
C:\Users\bachmaer\Desktop\OpenGLCSE386Lab0\OpenGLCSE386Lab0\Debug\link.6688.read.1.tlog
C:\Users\bachmaer\Desktop\OpenGLCSE386Lab0\OpenGLCSE386Lab0\Debug\link.6688.write.1.tlog
C:\Users\bachmaer\Desktop\OpenGLCSE386Lab0\OpenGLCSE386Lab0\Debug\link.7892-cvtres.read.1.tlog
C:\Users\bachmaer\Desktop\OpenGLCSE386Lab0\OpenGLCSE386Lab0\Debug\link.7892-cvtres.write.1.tlog
C:\Users\bachmaer\Desktop\OpenGLCSE386Lab0\OpenGLCSE386Lab0\Debug\link.7892-rc.read.1.tlog
C:\Users\bachmaer\Desktop\OpenGLCSE386Lab0\OpenGLCSE386Lab0\Debug\link.7892-rc.write.1.tlog
C:\Users\bachmaer\Desktop\OpenGLCSE386Lab0\OpenGLCSE386Lab0\Debug\link.7892.read.1.tlog
C:\Users\bachmaer\Desktop\OpenGLCSE386Lab0\OpenGLCSE386Lab0\Debug\link.7892.write.1.tlog
C:\Users\bachmaer\Desktop\OpenGLCSE386Lab0\OpenGLCSE386Lab0\Debug\link.7924-cvtres.read.1.tlog
C:\Users\bachmaer\Desktop\OpenGLCSE386Lab0\OpenGLCSE386Lab0\Debug\link.7924-cvtres.write.1.tlog
C:\Users\bachmaer\Desktop\OpenGLCSE386Lab0\OpenGLCSE386Lab0\Debug\link.7924-rc.read.1.tlog
C:\Users\bachmaer\Desktop\OpenGLCSE386Lab0\OpenGLCSE386Lab0\Debug\link.7924-rc.write.1.tlog
C:\Users\bachmaer\Desktop\OpenGLCSE386Lab0\OpenGLCSE386Lab0\Debug\link.7924.read.1.tlog
C:\Users\bachmaer\Desktop\OpenGLCSE386Lab0\OpenGLCSE386Lab0\Debug\link.7924.write.1.tlog
C:\Users\bachmaer\Desktop\OpenGLCSE386Lab0\OpenGLCSE386Lab0\Debug\link.command.1.tlog
C:\Users\bachmaer\Desktop\OpenGLCSE386Lab0\OpenGLCSE386Lab0\Debug\link.read.1.tlog
C:\Users\bachmaer\Desktop\OpenGLCSE386Lab0\OpenGLCSE386Lab0\Debug\link.write.1.tlog
C:\Users\bachmaer\Desktop\OpenGLCSE386Lab0\OpenGLCSE386Lab0\Debug\vc110.idb
C:\Users\bachmaer\Desktop\OpenGLCSE386Lab0\OpenGLCSE386Lab0\Debug\vc110.pdb
C:\Users\bachmaer\Desktop\OpenGLCSE386Lab0\Debug\OpenGLCSE386Lab0.pdb
C:\Users\bachmaer\Desktop\OpenGLCSE386Lab0\Debug\OpenGLCSE386Lab0.exe
C:\Users\bachmaer\Desktop\OpenGLCSE386Lab0\Debug\OpenGLCSE386Lab0.ilk
